<?xml version="1.0" encoding="UTF-8"?>
<testsuite xmlns:xsi="http://www.w3.org/2001/XMLSchema-instance" xsi:noNamespaceSchemaLocation="https://maven.apache.org/surefire/maven-surefire-plugin/xsd/surefire-test-report-3.0.xsd" version="3.0" name="com.localtechsupport.cli.client.TechSupportApiClientTest$ConnectionTests" time="0.14" tests="3" errors="0" skipped="0" failures="0">
  <properties>
[...]
</properties>
  <testcase name="shouldMakeRequestToCorrectHealthEndpoint" classname="com.localtechsupport.cli.client.TechSupportApiClientTest$ConnectionTests" time="0.117"/>
  <testcase name="shouldReturnFalseForFailedHealthCheck" classname="com.localtechsupport.cli.client.TechSupportApiClientTest$ConnectionTests" time="0.012"/>
  <testcase name="shouldReturnTrueForSuccessfulHealthCheck" classname="com.localtechsupport.cli.client.TechSupportApiClientTest$ConnectionTests" time="0.006"/>
</testsuite>